[0m[[0mdebug[0m] [0mIncomplete(node=Some(ScopedKey(Scope(Select(ProjectRef(file:/home/samira/workspace/workspace_scala/setak/,setak)),Select(ConfigKey(test)),Global,Global),test)), tpe=init$default$2, msg=None, causes=List(), directCause=Some(java.lang.RuntimeException: Tests unsuccessful))[0m
[0m[[0mdebug[0m] [0mIncomplete(node=None, tpe=init$default$2, msg=None, causes=List(Incomplete(node=Some(ScopedKey(Scope(Select(ProjectRef(file:/home/samira/workspace/workspace_scala/setak/,setak)),Select(ConfigKey(test)),Global,Global),test)), tpe=init$default$2, msg=None, causes=List(), directCause=Some(java.lang.RuntimeException: Tests unsuccessful))), directCause=None)[0m
